<?xml version="1.0" encoding="UTF-8"?>
<!-- Generated by org.testng.reporters.JUnitXMLReporter -->
<testsuite hostname="DESKTOP-4NNUI12" ignored="0" name="Sprint1" tests="3" failures="1" timestamp="2020-08-01T12:08:39 IST" time="0.049" errors="0">
  <testcase name="testFB" time="0.008" classname="TestNGClasses.TestCase1"/>
  <testcase name="testTwitter" time="0.001" classname="TestNGClasses.TestCase2"/>
  <testcase name="testWordpress" time="0.003" classname="TestNGClasses.TestCase3">
    <failure type="java.lang.AssertionError" message="expected [true] but found [false]">
      <![CDATA[java.lang.AssertionError: expected [true] but found [false]
at TestNGClasses.TestCase3.testWordpress(TestCase3.java:12)
at java.util.ArrayList.forEach(Unknown Source)
... Removed 31 stack frames]]>
    </failure>
  </testcase> <!-- testWordpress -->
</testsuite> <!-- Sprint1 -->
