<?xml version="1.0" encoding="UTF-8"?>
<testng-results skipped="0" failed="0" ignored="0" total="2" passed="2">
  <reporter-output>
  </reporter-output>
  <suite name="Suite" duration-ms="11193" started-at="2020-08-02T12:35:09 IST" finished-at="2020-08-02T12:35:20 IST">
    <groups>
    </groups>
    <test name="IETestCases" duration-ms="10694" started-at="2020-08-02T12:35:09 IST" finished-at="2020-08-02T12:35:20 IST">
      <class name="CrossBrowser.VerifyTitle">
        <test-method status="PASS" signature="verifyPageTitle(java.lang.String)[pri:0, instance:CrossBrowser.VerifyTitle@1efed156]" name="verifyPageTitle" duration-ms="10650" started-at="2020-08-02T12:35:09 IST" finished-at="2020-08-02T12:35:20 IST">
          <params>
            <param index="0">
              <value>
                <![CDATA[ie]]>
              </value>
            </param>
          </params>
          <reporter-output>
          </reporter-output>
        </test-method> <!-- verifyPageTitle -->
      </class> <!-- CrossBrowser.VerifyTitle -->
    </test> <!-- IETestCases -->
    <test name="ChromeTestCases" duration-ms="11193" started-at="2020-08-02T12:35:09 IST" finished-at="2020-08-02T12:35:20 IST">
      <class name="CrossBrowser.VerifyTitle">
        <test-method status="PASS" signature="verifyPageTitle(java.lang.String)[pri:0, instance:CrossBrowser.VerifyTitle@67b92f0a]" name="verifyPageTitle" duration-ms="11159" started-at="2020-08-02T12:35:09 IST" finished-at="2020-08-02T12:35:20 IST">
          <params>
            <param index="0">
              <value>
                <![CDATA[chrome]]>
              </value>
            </param>
          </params>
          <reporter-output>
          </reporter-output>
        </test-method> <!-- verifyPageTitle -->
      </class> <!-- CrossBrowser.VerifyTitle -->
    </test> <!-- ChromeTestCases -->
  </suite> <!-- Suite -->
</testng-results>
