<?xml version="1.0" encoding="UTF-8"?>
<!-- Generated by org.testng.reporters.JUnitXMLReporter -->
<testsuite hostname="DESKTOP-4NNUI12" ignored="0" name="Release 2.0 Tests" tests="5" failures="0" timestamp="2021-02-14T21:11:05 IST" time="0.047" errors="0">
  <testcase name="test1" time="0.004" classname="com.dezlearn.tests.Demo_Test"/>
  <testcase name="test2" time="0.001" classname="com.dezlearn.tests.Demo_Test"/>
  <testcase name="test3" time="0.002" classname="com.dezlearn.tests.Demo_Test"/>
  <testcase name="test4" time="0.001" classname="com.dezlearn.tests.Demo_Test"/>
  <testcase name="test5" time="0.001" classname="com.dezlearn.tests.Demo_Test"/>
</testsuite> <!-- Release 2.0 Tests -->
